<?xml version="1.0" encoding="UTF-8"?>
<!-- Generated by org.testng.reporters.JUnitXMLReporter -->
<testsuite ignored="0" hostname="Azays-MacBook-Pro.local" failures="0" tests="4" name="Surefire test" time="4.922" errors="0" timestamp="2025-01-30T09:32:53 GMT">
  <testcase classname="com.videogames.tests.VideoGamesTests" name="testCompleteVideoGameLifecycle" time="3.397"/>
  <testcase classname="com.videogames.tests.VideoGamesTests" name="testInvalidVideoGameData" time="0.462"/>
  <testcase classname="com.videogames.tests.AuthenticationTests" name="testFailedAuthentication" time="0.421"/>
  <testcase classname="com.videogames.tests.AuthenticationTests" name="testSuccessfulAuthentication" time="0.425"/>
</testsuite> <!-- Surefire test -->
