<?xml version="1.0" encoding="UTF-8"?>
<!-- Generated by org.testng.reporters.JUnitXMLReporter -->
<testsuite ignored="0" hostname="Azays-MacBook-Pro.local" failures="0" tests="5" name="Surefire test" time="3.382" errors="0" timestamp="2025-01-30T04:50:43 GMT">
  <testcase classname="com.videogames.tests.VideoGamesTests" name="testCreateVideoGame" time="1.495"/>
  <testcase classname="com.videogames.tests.VideoGamesTests" name="testGetAllVideoGames" time="0.411"/>
  <testcase classname="com.videogames.tests.VideoGamesTests" name="testGetVideoGameById" time="0.416"/>
  <testcase classname="com.videogames.tests.AuthenticationTests" name="testFailedAuthentication" time="0.434"/>
  <testcase classname="com.videogames.tests.AuthenticationTests" name="testSuccessfulAuthentication" time="0.44"/>
</testsuite> <!-- Surefire test -->
