<?xml version="1.0" encoding="UTF-8"?>
<testsuite xmlns:xsi="http://www.w3.org/2001/XMLSchema-instance" xsi:noNamespaceSchemaLocation="https://maven.apache.org/surefire/maven-surefire-plugin/xsd/surefire-test-report-3.0.xsd" version="3.0" name="com.videogames.tests.VideoGamesTests" time="2.692" tests="3" errors="0" skipped="0" failures="0">
  <properties>
[...]
</properties>
  <testcase name="testCreateVideoGame" classname="com.videogames.tests.VideoGamesTests" time="1.511">
    <system-out><![CDATA[Request method:	POST
Request URI:	https://www.videogamedb.uk/api/authenticate
Proxy:			<none>
Request params:	<none>
Query params:	<none>
Form params:	<none>
Path params:	<none>
Headers:		Accept=*/*
				Content-Type=application/json
Cookies:		<none>
Multiparts:		<none>
Body:
{
    "password": "admin",
    "username": "admin"
}
HTTP/1.1 200 
Vary: Origin
Vary: Access-Control-Request-Method
Vary: Access-Control-Request-Headers
X-Content-Type-Options: nosniff
X-XSS-Protection: 1; mode=block
Cache-Control: no-cache, no-store, max-age=0, must-revalidate
Pragma: no-cache
Expires: 0
Strict-Transport-Security: max-age=31536000 ; includeSubDomains
X-Frame-Options: DENY
Content-Type: application/json
Transfer-Encoding: chunked
Date: Thu, 30 Jan 2025 04:53:40 GMT
Keep-Alive: timeout=60
Connection: keep-alive

{
    "token": "eyJhbGciOiJIUzI1NiJ9.eyJzdWIiOiJhZG1pbiIsImlhdCI6MTczODIxMjgyMCwiZXhwIjoxNzM4MjE2NDIwfQ.rkaoeXNjAC9I6tF9FqSDW4GKFDoFPivWox0NSzF8reU"
}
Request method:	POST
Request URI:	https://www.videogamedb.uk/api/videogame
Proxy:			<none>
Request params:	<none>
Query params:	<none>
Form params:	<none>
Path params:	<none>
Headers:		Accept=application/json
				Authorization=Bearer eyJhbGciOiJIUzI1NiJ9.eyJzdWIiOiJhZG1pbiIsImlhdCI6MTczODIxMjgyMCwiZXhwIjoxNzM4MjE2NDIwfQ.rkaoeXNjAC9I6tF9FqSDW4GKFDoFPivWox0NSzF8reU
				Content-Type=application/json
Cookies:		<none>
Multiparts:		<none>
Body:
{
    "id": null,
    "name": "Super Mario",
    "releaseDate": "2023-01-01 23:59:59",
    "reviewScore": 95,
    "category": "Platform",
    "rating": "Universal"
}
HTTP/1.1 200 
Vary: Origin
Vary: Access-Control-Request-Method
Vary: Access-Control-Request-Headers
X-Content-Type-Options: nosniff
X-XSS-Protection: 1; mode=block
Cache-Control: no-cache, no-store, max-age=0, must-revalidate
Pragma: no-cache
Expires: 0
Strict-Transport-Security: max-age=31536000 ; includeSubDomains
X-Frame-Options: DENY
Content-Type: application/json
Transfer-Encoding: chunked
Date: Thu, 30 Jan 2025 04:53:40 GMT
Keep-Alive: timeout=60
Connection: keep-alive

{
    "id": 0,
    "name": "Super Mario",
    "releaseDate": "2023-01-01 23:59:59",
    "reviewScore": 95,
    "category": "Platform",
    "rating": "Universal"
}
POST /videogames - Response Code: 200
POST /videogames - Response Body: {"id":0,"name":"Super Mario","releaseDate":"2023-01-01 23:59:59","reviewScore":95,"category":"Platform","rating":"Universal"}
]]></system-out>
    <system-err><![CDATA[[main] INFO com.videogames.config.ConfigurationReader - Configuration loaded successfully
[main] INFO com.videogames.utils.AuthenticationManager - Attempting to authenticate with API
[main] INFO com.videogames.utils.AuthenticationManager - Successfully authenticated with API
]]></system-err>
  </testcase>
  <testcase name="testGetAllVideoGames" classname="com.videogames.tests.VideoGamesTests" time="0.415">
    <system-out><![CDATA[Request method:	GET
Request URI:	https://www.videogamedb.uk/api/videogame
Proxy:			<none>
Request params:	<none>
Query params:	<none>
Form params:	<none>
Path params:	<none>
Headers:		Accept=application/json
				Authorization=Bearer eyJhbGciOiJIUzI1NiJ9.eyJzdWIiOiJhZG1pbiIsImlhdCI6MTczODIxMjgyMCwiZXhwIjoxNzM4MjE2NDIwfQ.rkaoeXNjAC9I6tF9FqSDW4GKFDoFPivWox0NSzF8reU
Cookies:		<none>
Multiparts:		<none>
Body:			<none>
HTTP/1.1 200 
Vary: Origin
Vary: Access-Control-Request-Method
Vary: Access-Control-Request-Headers
X-Content-Type-Options: nosniff
X-XSS-Protection: 1; mode=block
Cache-Control: no-cache, no-store, max-age=0, must-revalidate
Pragma: no-cache
Expires: 0
Strict-Transport-Security: max-age=31536000 ; includeSubDomains
X-Frame-Options: DENY
Content-Type: application/json
Transfer-Encoding: chunked
Date: Thu, 30 Jan 2025 04:53:41 GMT
Keep-Alive: timeout=60
Connection: keep-alive

[
    {
        "id": 1,
        "name": "Resident Evil 4",
        "releaseDate": "2005-10-01 23:59:59",
        "reviewScore": 85,
        "category": "Shooter",
        "rating": "Universal"
    },
    {
        "id": 2,
        "name": "Gran Turismo 3",
        "releaseDate": "2001-03-10 23:59:59",
        "reviewScore": 91,
        "category": "Driving",
        "rating": "Universal"
    },
    {
        "id": 3,
        "name": "Tetris",
        "releaseDate": "1984-06-25 23:59:59",
        "reviewScore": 88,
        "category": "Puzzle",
        "rating": "Universal"
    },
    {
        "id": 4,
        "name": "Super Mario 64",
        "releaseDate": "1996-10-20 23:59:59",
        "reviewScore": 90,
        "category": "Platform",
        "rating": "Universal"
    },
    {
        "id": 5,
        "name": "The Legend of Zelda: Ocarina of Time",
        "releaseDate": "1998-12-10 23:59:59",
        "reviewScore": 93,
        "category": "Adventure",
        "rating": "PG-13"
    },
    {
        "id": 6,
        "name": "Doom",
        "releaseDate": "1993-02-18 23:59:59",
        "reviewScore": 81,
        "category": "Shooter",
        "rating": "Mature"
    },
    {
        "id": 7,
        "name": "Minecraft",
        "releaseDate": "2011-12-05 23:59:59",
        "reviewScore": 77,
        "category": "Puzzle",
        "rating": "Universal"
    },
    {
        "id": 8,
        "name": "SimCity 2000",
        "releaseDate": "1994-09-11 23:59:59",
        "reviewScore": 88,
        "category": "Strategy",
        "rating": "Universal"
    },
    {
        "id": 9,
        "name": "Final Fantasy VII",
        "releaseDate": "1997-08-20 23:59:59",
        "reviewScore": 97,
        "category": "RPG",
        "rating": "PG-13"
    },
    {
        "id": 10,
        "name": "Grand Theft Auto III",
        "releaseDate": "2001-04-23 23:59:59",
        "reviewScore": 90,
        "category": "Driving",
        "rating": "Mature"
    }
]
]]></system-out>
  </testcase>
  <testcase name="testGetVideoGameById" classname="com.videogames.tests.VideoGamesTests" time="0.411">
    <system-out><![CDATA[Request method:	GET
Request URI:	https://www.videogamedb.uk/api/videogame/1
Proxy:			<none>
Request params:	<none>
Query params:	<none>
Form params:	<none>
Path params:	<none>
Headers:		Accept=application/json
				Authorization=Bearer eyJhbGciOiJIUzI1NiJ9.eyJzdWIiOiJhZG1pbiIsImlhdCI6MTczODIxMjgyMCwiZXhwIjoxNzM4MjE2NDIwfQ.rkaoeXNjAC9I6tF9FqSDW4GKFDoFPivWox0NSzF8reU
Cookies:		<none>
Multiparts:		<none>
Body:			<none>
HTTP/1.1 200 
Vary: Origin
Vary: Access-Control-Request-Method
Vary: Access-Control-Request-Headers
X-Content-Type-Options: nosniff
X-XSS-Protection: 1; mode=block
Cache-Control: no-cache, no-store, max-age=0, must-revalidate
Pragma: no-cache
Expires: 0
Strict-Transport-Security: max-age=31536000 ; includeSubDomains
X-Frame-Options: DENY
Content-Type: application/json
Transfer-Encoding: chunked
Date: Thu, 30 Jan 2025 04:53:41 GMT
Keep-Alive: timeout=60
Connection: keep-alive

{
    "id": 1,
    "name": "Resident Evil 4",
    "releaseDate": "2005-10-01 23:59:59",
    "reviewScore": 85,
    "category": "Shooter",
    "rating": "Universal"
}
GET /videogame/1 - Response Code: 200
GET /videogame/1 - Response Body: {"id":1,"name":"Resident Evil 4","releaseDate":"2005-10-01 23:59:59","reviewScore":85,"category":"Shooter","rating":"Universal"}
]]></system-out>
  </testcase>
</testsuite>