<?xml version="1.0" encoding="UTF-8"?>
<testsuite xmlns:xsi="http://www.w3.org/2001/XMLSchema-instance" xsi:noNamespaceSchemaLocation="https://maven.apache.org/surefire/maven-surefire-plugin/xsd/surefire-test-report-3.0.xsd" version="3.0" name="TestSuite" time="4.75" tests="4" errors="0" skipped="0" failures="0">
  <properties>
[...]
</properties>
  <testcase name="testCompleteVideoGameLifecycle" classname="com.videogames.tests.VideoGamesTests" time="2.976">
    <system-out><![CDATA[Request method:	POST
Request URI:	https://www.videogamedb.uk/api/authenticate
Proxy:			<none>
Request params:	<none>
Query params:	<none>
Form params:	<none>
Path params:	<none>
Headers:		Accept=*/*
				Content-Type=application/json
Cookies:		<none>
Multiparts:		<none>
Body:
{
    "password": "admin",
    "username": "admin"
}
HTTP/1.1 200 
Vary: Origin
Vary: Access-Control-Request-Method
Vary: Access-Control-Request-Headers
X-Content-Type-Options: nosniff
X-XSS-Protection: 1; mode=block
Cache-Control: no-cache, no-store, max-age=0, must-revalidate
Pragma: no-cache
Expires: 0
Strict-Transport-Security: max-age=31536000 ; includeSubDomains
X-Frame-Options: DENY
Content-Type: application/json
Transfer-Encoding: chunked
Date: Thu, 30 Jan 2025 05:16:27 GMT
Keep-Alive: timeout=60
Connection: keep-alive

{
    "token": "eyJhbGciOiJIUzI1NiJ9.eyJzdWIiOiJhZG1pbiIsImlhdCI6MTczODIxNDE4NywiZXhwIjoxNzM4MjE3Nzg3fQ.hD6bGWgdU_ZffKvXhll8amjB4Z57DSzRbKqOGSTHKAc"
}
Request method:	POST
Request URI:	https://www.videogamedb.uk/api/videogame
Proxy:			<none>
Request params:	<none>
Query params:	<none>
Form params:	<none>
Path params:	<none>
Headers:		Accept=application/json
				Authorization=Bearer eyJhbGciOiJIUzI1NiJ9.eyJzdWIiOiJhZG1pbiIsImlhdCI6MTczODIxNDE4NywiZXhwIjoxNzM4MjE3Nzg3fQ.hD6bGWgdU_ZffKvXhll8amjB4Z57DSzRbKqOGSTHKAc
				Content-Type=application/json
Cookies:		<none>
Multiparts:		<none>
Body:
{
    "id": null,
    "name": "Test Game",
    "releaseDate": "2024-01-30",
    "reviewScore": 85,
    "category": "Shooter",
    "rating": "Universal"
}
HTTP/1.1 200 
Vary: Origin
Vary: Access-Control-Request-Method
Vary: Access-Control-Request-Headers
X-Content-Type-Options: nosniff
X-XSS-Protection: 1; mode=block
Cache-Control: no-cache, no-store, max-age=0, must-revalidate
Pragma: no-cache
Expires: 0
Strict-Transport-Security: max-age=31536000 ; includeSubDomains
X-Frame-Options: DENY
Content-Type: application/json
Transfer-Encoding: chunked
Date: Thu, 30 Jan 2025 05:16:27 GMT
Keep-Alive: timeout=60
Connection: keep-alive

{
    "id": 0,
    "name": "Test Game",
    "releaseDate": "2024-01-30",
    "reviewScore": 85,
    "category": "Shooter",
    "rating": "Universal"
}
Created game ID: 0
Request method:	GET
Request URI:	https://www.videogamedb.uk/api/videogame/1
Proxy:			<none>
Request params:	<none>
Query params:	<none>
Form params:	<none>
Path params:	<none>
Headers:		Accept=application/json
				Authorization=Bearer eyJhbGciOiJIUzI1NiJ9.eyJzdWIiOiJhZG1pbiIsImlhdCI6MTczODIxNDE4NywiZXhwIjoxNzM4MjE3Nzg3fQ.hD6bGWgdU_ZffKvXhll8amjB4Z57DSzRbKqOGSTHKAc
Cookies:		<none>
Multiparts:		<none>
Body:			<none>
HTTP/1.1 200 
Vary: Origin
Vary: Access-Control-Request-Method
Vary: Access-Control-Request-Headers
X-Content-Type-Options: nosniff
X-XSS-Protection: 1; mode=block
Cache-Control: no-cache, no-store, max-age=0, must-revalidate
Pragma: no-cache
Expires: 0
Strict-Transport-Security: max-age=31536000 ; includeSubDomains
X-Frame-Options: DENY
Content-Type: application/json
Transfer-Encoding: chunked
Date: Thu, 30 Jan 2025 05:16:29 GMT
Keep-Alive: timeout=60
Connection: keep-alive

{
    "id": 1,
    "name": "Resident Evil 4",
    "releaseDate": "2005-10-01 23:59:59",
    "reviewScore": 85,
    "category": "Shooter",
    "rating": "Universal"
}
]]></system-out>
  </testcase>
  <testcase name="testInvalidVideoGameData" classname="com.videogames.tests.VideoGamesTests" time="0.417">
    <system-out><![CDATA[Request method:	POST
Request URI:	https://www.videogamedb.uk/api/videogame
Proxy:			<none>
Request params:	<none>
Query params:	<none>
Form params:	<none>
Path params:	<none>
Headers:		Accept=application/json
				Authorization=Bearer eyJhbGciOiJIUzI1NiJ9.eyJzdWIiOiJhZG1pbiIsImlhdCI6MTczODIxNDE4NywiZXhwIjoxNzM4MjE3Nzg3fQ.hD6bGWgdU_ZffKvXhll8amjB4Z57DSzRbKqOGSTHKAc
				Content-Type=application/json
Cookies:		<none>
Multiparts:		<none>
Body:
{
    "id": null,
    "name": "",
    "releaseDate": "2024-01-30",
    "reviewScore": -1,
    "category": "",
    "rating": ""
}
HTTP/1.1 400 
Vary: Origin
Vary: Access-Control-Request-Method
Vary: Access-Control-Request-Headers
X-Content-Type-Options: nosniff
X-XSS-Protection: 1; mode=block
Cache-Control: no-cache, no-store, max-age=0, must-revalidate
Pragma: no-cache
Expires: 0
Strict-Transport-Security: max-age=31536000 ; includeSubDomains
X-Frame-Options: DENY
Content-Type: application/json
Transfer-Encoding: chunked
Date: Thu, 30 Jan 2025 05:16:29 GMT
Connection: close

{
    "timestamp": "2025-01-30T05:16:30.189+00:00",
    "status": 400,
    "error": "Bad Request",
    "path": "/api/videogame"
}
]]></system-out>
  </testcase>
  <testcase name="testFailedAuthentication" classname="com.videogames.tests.AuthenticationTests" time="0.42">
    <system-out><![CDATA[Request method:	POST
Request URI:	https://www.videogamedb.uk/api/authenticate
Proxy:			<none>
Request params:	<none>
Query params:	<none>
Form params:	<none>
Path params:	<none>
Headers:		Accept=*/*
				Content-Type=application/json
Cookies:		<none>
Multiparts:		<none>
Body:
{
    "username": "invalid",
    "password": "invalid"
}
Request method:	POST
Request URI:	https://www.videogamedb.uk/api/authenticate
Proxy:			<none>
Request params:	<none>
Query params:	<none>
Form params:	<none>
Path params:	<none>
Headers:		Accept=*/*
				Content-Type=application/json
Cookies:		<none>
Multiparts:		<none>
Body:
{
    "username": "invalid",
    "password": "invalid"
}
HTTP/1.1 403 
Vary: Origin
Vary: Access-Control-Request-Method
Vary: Access-Control-Request-Headers
X-Content-Type-Options: nosniff
X-XSS-Protection: 1; mode=block
Cache-Control: no-cache, no-store, max-age=0, must-revalidate
Pragma: no-cache
Expires: 0
Strict-Transport-Security: max-age=31536000 ; includeSubDomains
X-Frame-Options: DENY
Content-Type: application/json
Transfer-Encoding: chunked
Date: Thu, 30 Jan 2025 05:16:29 GMT
Keep-Alive: timeout=60
Connection: keep-alive

{
    "timestamp": "2025-01-30T05:16:30.606+00:00",
    "status": 403,
    "error": "Forbidden",
    "path": "/api/authenticate"
}
HTTP/1.1 403 
Vary: Origin
Vary: Access-Control-Request-Method
Vary: Access-Control-Request-Headers
X-Content-Type-Options: nosniff
X-XSS-Protection: 1; mode=block
Cache-Control: no-cache, no-store, max-age=0, must-revalidate
Pragma: no-cache
Expires: 0
Strict-Transport-Security: max-age=31536000 ; includeSubDomains
X-Frame-Options: DENY
Content-Type: application/json
Transfer-Encoding: chunked
Date: Thu, 30 Jan 2025 05:16:29 GMT
Keep-Alive: timeout=60
Connection: keep-alive

{
    "timestamp": "2025-01-30T05:16:30.606+00:00",
    "status": 403,
    "error": "Forbidden",
    "path": "/api/authenticate"
}
Auth Failure Response: 403
Body: {"timestamp":"2025-01-30T05:16:30.606+00:00","status":403,"error":"Forbidden","path":"/api/authenticate"}
]]></system-out>
  </testcase>
  <testcase name="testSuccessfulAuthentication" classname="com.videogames.tests.AuthenticationTests" time="0.401">
    <system-out><![CDATA[Request method:	POST
Request URI:	https://www.videogamedb.uk/api/authenticate
Proxy:			<none>
Request params:	<none>
Query params:	<none>
Form params:	<none>
Path params:	<none>
Headers:		Accept=*/*
				Content-Type=application/json
Cookies:		<none>
Multiparts:		<none>
Body:
{
    "username": "admin",
    "password": "admin"
}
Request method:	POST
Request URI:	https://www.videogamedb.uk/api/authenticate
Proxy:			<none>
Request params:	<none>
Query params:	<none>
Form params:	<none>
Path params:	<none>
Headers:		Accept=*/*
				Content-Type=application/json
Cookies:		<none>
Multiparts:		<none>
Body:
{
    "username": "admin",
    "password": "admin"
}
HTTP/1.1 200 
Vary: Origin
Vary: Access-Control-Request-Method
Vary: Access-Control-Request-Headers
X-Content-Type-Options: nosniff
X-XSS-Protection: 1; mode=block
Cache-Control: no-cache, no-store, max-age=0, must-revalidate
Pragma: no-cache
Expires: 0
Strict-Transport-Security: max-age=31536000 ; includeSubDomains
X-Frame-Options: DENY
Content-Type: application/json
Transfer-Encoding: chunked
Date: Thu, 30 Jan 2025 05:16:31 GMT
Keep-Alive: timeout=60
Connection: keep-alive

{
    "token": "eyJhbGciOiJIUzI1NiJ9.eyJzdWIiOiJhZG1pbiIsImlhdCI6MTczODIxNDE5MSwiZXhwIjoxNzM4MjE3NzkxfQ.40XHIZoJnO53j2RrNHAiFgjVs9PnF5hdZnQzfh48BS4"
}
HTTP/1.1 200 
Vary: Origin
Vary: Access-Control-Request-Method
Vary: Access-Control-Request-Headers
X-Content-Type-Options: nosniff
X-XSS-Protection: 1; mode=block
Cache-Control: no-cache, no-store, max-age=0, must-revalidate
Pragma: no-cache
Expires: 0
Strict-Transport-Security: max-age=31536000 ; includeSubDomains
X-Frame-Options: DENY
Content-Type: application/json
Transfer-Encoding: chunked
Date: Thu, 30 Jan 2025 05:16:31 GMT
Keep-Alive: timeout=60
Connection: keep-alive

{
    "token": "eyJhbGciOiJIUzI1NiJ9.eyJzdWIiOiJhZG1pbiIsImlhdCI6MTczODIxNDE5MSwiZXhwIjoxNzM4MjE3NzkxfQ.40XHIZoJnO53j2RrNHAiFgjVs9PnF5hdZnQzfh48BS4"
}
]]></system-out>
  </testcase>
</testsuite>